<?xml version="1.0" encoding="UTF-8"?>
<!-- Generated by org.testng.reporters.JUnitReportReporter -->
<testsuite hostname="LAPTOP-H2GNBH85" failures="0" tests="1" name="qaclickacademy.MavenJava.Facebook" time="0.011" errors="0" timestamp="2021-10-04T02:32:38 IST" skipped="0">
  <testcase classname="qaclickacademy.MavenJava.Facebook" name="fblogin" time="0.011"/>
  <system-out/>
</testsuite> <!-- qaclickacademy.MavenJava.Facebook -->
