<?xml version="1.0" encoding="UTF-8"?>
<!-- Generated by org.testng.reporters.JUnitReportReporter -->
<testsuite skipped="0" hostname="LAPTOP-H2GNBH85" name="qaclickacademy.MavenJava.GmailTest" tests="1" failures="0" timestamp="2021-10-14T03:56:46 IST" time="0.005" errors="0">
  <testcase name="gmaillogin" time="0.005" classname="qaclickacademy.MavenJava.GmailTest"/>
  <system-out/>
</testsuite> <!-- qaclickacademy.MavenJava.GmailTest -->
