<?xml version="1.0" encoding="UTF-8"?>
<!-- Generated by org.testng.reporters.JUnitReportReporter -->
<testsuite hostname="LAPTOP-H2GNBH85" failures="0" tests="1" name="qaclickacademy.MavenJava.FacebookTest" time="0.005" errors="0" timestamp="2021-10-04T02:55:13 IST" skipped="0">
  <testcase classname="qaclickacademy.MavenJava.FacebookTest" name="fblogin" time="0.005"/>
  <system-out/>
</testsuite> <!-- qaclickacademy.MavenJava.FacebookTest -->
